{"C:\\Users\\Yashraj Monani\\Desktop\\Prac\\React\\zidio_project\\Updated project\\JobListingPortal\\backend\\models\\application.model.js": {"path":"C:\\Users\\Yashraj Monani\\Desktop\\Prac\\React\\zidio_project\\Updated project\\JobListingPortal\\backend\\models\\application.model.js","statementMap":{"0":{"start":{"line":3,"column":26},"end":{"line":19,"column":20}},"1":{"start":{"line":20,"column":27},"end":{"line":20,"column":74}}},"fnMap":{},"branchMap":{},"s":{"0":1,"1":1},"f":{},"b":{},"_coverageSchema":"1a1c01bbd47fc00a2c39e90264f33305004495a9","hash":"cb3a8538b3cc9e823ab355944cb9d3118d3d57f1"}
,"C:\\Users\\Yashraj Monani\\Desktop\\Prac\\React\\zidio_project\\Updated project\\JobListingPortal\\backend\\models\\company.model.js": {"path":"C:\\Users\\Yashraj Monani\\Desktop\\Prac\\React\\zidio_project\\Updated project\\JobListingPortal\\backend\\models\\company.model.js","statementMap":{"0":{"start":{"line":2,"column":22},"end":{"line":27,"column":20}},"1":{"start":{"line":28,"column":23},"end":{"line":28,"column":62}}},"fnMap":{},"branchMap":{},"s":{"0":1,"1":1},"f":{},"b":{},"_coverageSchema":"1a1c01bbd47fc00a2c39e90264f33305004495a9","hash":"7edc6d51c783dce29f5d3c78dbaa6e527fee17a7"}
,"C:\\Users\\Yashraj Monani\\Desktop\\Prac\\React\\zidio_project\\Updated project\\JobListingPortal\\backend\\models\\job.model.js": {"path":"C:\\Users\\Yashraj Monani\\Desktop\\Prac\\React\\zidio_project\\Updated project\\JobListingPortal\\backend\\models\\job.model.js","statementMap":{"0":{"start":{"line":3,"column":19},"end":{"line":49,"column":20}},"1":{"start":{"line":50,"column":19},"end":{"line":50,"column":50}}},"fnMap":{},"branchMap":{},"s":{"0":1,"1":1},"f":{},"b":{},"_coverageSchema":"1a1c01bbd47fc00a2c39e90264f33305004495a9","hash":"b60262d46a86777128f689f04bae767b78217112"}
,"C:\\Users\\Yashraj Monani\\Desktop\\Prac\\React\\zidio_project\\Updated project\\JobListingPortal\\backend\\models\\user.model.js": {"path":"C:\\Users\\Yashraj Monani\\Desktop\\Prac\\React\\zidio_project\\Updated project\\JobListingPortal\\backend\\models\\user.model.js","statementMap":{"0":{"start":{"line":2,"column":19},"end":{"line":36,"column":20}},"1":{"start":{"line":38,"column":24},"end":{"line":38,"column":57}}},"fnMap":{},"branchMap":{},"s":{"0":1,"1":1},"f":{},"b":{},"_coverageSchema":"1a1c01bbd47fc00a2c39e90264f33305004495a9","hash":"ec9b7a9b20f4c5cf05e8350b160091e56309dec0"}
}
